#--------------------
#Host tree          = ((h000,h001)!H1,(h002,(h003,(h004,(h005,(h006,h007)!H12)!H10)!H8)!H6)!H4)!H0
#Parasite tree      = ((h000-002,h001-002)!P1,((h000-001,(h001-001,h002-001)!P7)!P5,(h003-001,((h004-001,h005-001)!P13,(h006-001,h007-001)!P16)!P12)!P10)!P4)!P0
#Host tree size     = 15
#Parasite tree size = 19
#Leaf mapping       = {h007-001=h007, h001-002=h001, h006-001=h006, h000-002=h000, h003-001=h003, h005-001=h005, h004-001=h004, h001-001=h001, h000-001=h000, h002-001=h002}
#--------------------
#Co-speciation cost = -1.000
#Duplication cost   = 1.000
#Host-switch cost   = 1.000
#Loss cost          = 1.000
#Maximum jump       = No limit
#Optimum cost       = -2.000
#--------------------
#Root mapping = !P0@!H0
!P0@!H0, !P1@!H1, h000-002@h000, h001-002@h001, !P4@!H4, !P5@h002, h000-001@h000, !P7@h002, h001-001@h001, h002-001@h002, !P10@!H6, h003-001@h003, !P12@!H8, !P13@h004, h005-001@h005, h004-001@h004, !P16@!H12, h006-001@h006, h007-001@h007
[6, 0, 3, 1]
!P0@!H0, !P1@!H1, h000-002@h000, h001-002@h001, !P4@!H4, !P5@h002, h000-001@h000, !P7@h002, h001-001@h001, h002-001@h002, !P10@!H6, h003-001@h003, !P12@!H10, !P13@h005, h004-001@h004, h005-001@h005, !P16@!H12, h006-001@h006, h007-001@h007
[6, 0, 3, 1]
#Number of solutions = 2
#--------------------
#Total number of solutions = 2
